<?xml version="1.0" encoding="UTF-8"?>
<!-- Generated by org.testng.reporters.JUnitReportReporter -->
<testsuite hostname="DESKTOP-39NMVF9" failures="0" tests="6" name="zohoTest.LoginTest" time="134.021" errors="0" timestamp="2024-08-08T19:27:49 IST" skipped="0">
  <testcase classname="zohoTest.LoginTest" name="gettitle" time="0.044"/>
  <system-out/>
  <testcase classname="zohoTest.LoginTest" name="signInZohoPortal" time="25.648"/>
  <system-out/>
  <testcase classname="zohoTest.LoginTest" name="leadCreateNew" time="81.027"/>
  <system-out/>
  <testcase classname="zohoTest.LoginTest" name="clickOnFirstLead" time="13.693"/>
  <system-out/>
  <testcase classname="zohoTest.LoginTest" name="leadFilter" time="7.858"/>
  <system-out/>
  <testcase classname="zohoTest.LoginTest" name="deleteLeadPermanant" time="5.751"/>
  <system-out/>
</testsuite> <!-- zohoTest.LoginTest -->
