<?xml version="1.0" encoding="UTF-8"?>
<!-- Generated by org.testng.reporters.JUnitReportReporter -->
<testsuite hostname="DESKTOP-39NMVF9" failures="0" tests="1" name="Zoho.ZohoWebtesting" time="8.031" errors="0" timestamp="2024-08-06T14:58:27 IST" skipped="0">
  <testcase classname="Zoho.ZohoWebtesting" name="urllaunch" time="8.031"/>
  <system-out/>
</testsuite> <!-- Zoho.ZohoWebtesting -->
