<?xml version="1.0" encoding="UTF-8"?>
<!-- Generated by org.testng.reporters.JUnitReportReporter -->
<testsuite hostname="DESKTOP-39NMVF9" failures="0" tests="6" name="zohoTest.LoginTest" time="105.229" errors="0" timestamp="2024-08-10T16:00:30 IST" skipped="0">
  <testcase classname="zohoTest.LoginTest" name="gettitle" time="0.031"/>
  <system-out/>
  <testcase classname="zohoTest.LoginTest" name="signInZohoPortal" time="23.067"/>
  <system-out/>
  <testcase classname="zohoTest.LoginTest" name="leadCreateNew" time="55.605"/>
  <system-out/>
  <testcase classname="zohoTest.LoginTest" name="clickOnFirstLead" time="13.465"/>
  <system-out/>
  <testcase classname="zohoTest.LoginTest" name="leadFilter" time="7.583"/>
  <system-out/>
  <testcase classname="zohoTest.LoginTest" name="deleteLeadPermanant" time="5.478"/>
  <system-out/>
</testsuite> <!-- zohoTest.LoginTest -->
